<?xml version="1.0" encoding="UTF-8"?>
<!-- Generated by org.testng.reporters.JUnitReportReporter -->
<testsuite skipped="0" hostname="LAPTOP-IU0714GQ" name="com.TestCase.TC_LoginTest_001" tests="1" failures="0" timestamp="2022-01-19T17:02:43 IST" time="0.024" errors="0">
  <testcase name="loginTest" time="0.024" classname="com.TestCase.TC_LoginTest_001"/>
  <system-out/>
</testsuite> <!-- com.TestCase.TC_LoginTest_001 -->
